[INFO] Scanning for projects...
[INFO] 
[INFO] ---------------------< com.lidacollege:volunteer >----------------------
[INFO] Building volunteer 0.0.1-SNAPSHOT
[INFO]   from pom.xml
[INFO] --------------------------------[ jar ]---------------------------------
[INFO] 
[INFO] >>> spring-boot:3.4.4:run (default-cli) > test-compile @ volunteer >>>
[INFO] 
[INFO] --- resources:3.3.1:resources (default-resources) @ volunteer ---
[INFO] Copying 2 resources from src\main\resources to target\classes
[INFO] Copying 2 resources from src\main\resources to target\classes
[INFO] 
[INFO] --- compiler:3.13.0:compile (default-compile) @ volunteer ---
[INFO] Nothing to compile - all classes are up to date.
[INFO] 
[INFO] --- resources:3.3.1:testResources (default-testResources) @ volunteer ---
[INFO] skip non existing resourceDirectory C:\Users\lenovo\OneDrive\Desktop\±ĎŇµÉčĽĆ_4\»ůÓÚweb´óŃ§ÉúµÄąÜŔíĎµÍł\backend\src\test\resources
[INFO] 
[INFO] --- compiler:3.13.0:testCompile (default-testCompile) @ volunteer ---
[INFO] Nothing to compile - all classes are up to date.
[INFO] 
[INFO] <<< spring-boot:3.4.4:run (default-cli) < test-compile @ volunteer <<<
[INFO] 
[INFO] 
[INFO] --- spring-boot:3.4.4:run (default-cli) @ volunteer ---
[INFO] Attaching agents: []

  .   ____          _            __ _ _
 /\\ / ___'_ __ _ _(_)_ __  __ _ \ \ \ \
( ( )\___ | '_ | '_| | '_ \/ _` | \ \ \ \
 \\/  ___)| |_)| | | | | || (_| |  ) ) ) )
  '  |____| .__|_| |_|_| |_\__, | / / / /
 =========|_|==============|___/=/_/_/_/

 :: Spring Boot ::                (v3.4.4)

2026-03-20T17:55:36.209+08:00  INFO 38340 --- [volunteer-management-system] [           main] c.l.volunteer.VolunteerApplication       : Starting VolunteerApplication using Java 17.0.17 with PID 38340 (C:\Users\lenovo\OneDrive\Desktop\±ĎŇµÉčĽĆ_4\»ůÓÚweb´óŃ§ÉúµÄąÜŔíĎµÍł\backend\target\classes started by lenovo in C:\Users\lenovo\OneDrive\Desktop\±ĎŇµÉčĽĆ_4\»ůÓÚweb´óŃ§ÉúµÄąÜŔíĎµÍł\backend)
2026-03-20T17:55:36.212+08:00  INFO 38340 --- [volunteer-management-system] [           main] c.l.volunteer.VolunteerApplication       : The following 1 profile is active: "dev"
2026-03-20T17:55:37.282+08:00  INFO 38340 --- [volunteer-management-system] [           main] o.s.b.w.embedded.tomcat.TomcatWebServer  : Tomcat initialized with port 8080 (http)
2026-03-20T17:55:37.300+08:00  INFO 38340 --- [volunteer-management-system] [           main] o.apache.catalina.core.StandardService   : Starting service [Tomcat]
2026-03-20T17:55:37.300+08:00  INFO 38340 --- [volunteer-management-system] [           main] o.apache.catalina.core.StandardEngine    : Starting Servlet engine: [Apache Tomcat/10.1.39]
2026-03-20T17:55:37.360+08:00  INFO 38340 --- [volunteer-management-system] [           main] o.a.c.c.C.[Tomcat].[localhost].[/]       : Initializing Spring embedded WebApplicationContext
2026-03-20T17:55:37.361+08:00  INFO 38340 --- [volunteer-management-system] [           main] w.s.c.ServletWebServerApplicationContext : Root WebApplicationContext: initialization completed in 1105 ms
Logging initialized using 'class org.apache.ibatis.logging.stdout.StdOutImpl' adapter.
Get /172.27.128.1 network interface 
Get network interface info: name:eth29 (Hyper-V Virtual Ethernet Adapter)
Initialization Sequence datacenterId:28 workerId:4
 _ _   |_  _ _|_. ___ _ |    _ 
| | |\/|_)(_| | |_\  |_)||_|_\ 
     /               |         
                        3.5.10.1 
2026-03-20T17:55:38.528+08:00  INFO 38340 --- [volunteer-management-system] [           main] com.zaxxer.hikari.HikariDataSource       : HikariPool-1 - Starting...
2026-03-20T17:55:38.768+08:00  INFO 38340 --- [volunteer-management-system] [           main] com.zaxxer.hikari.pool.HikariPool        : HikariPool-1 - Added connection conn0: url=jdbc:h2:file:./data/volunteer user=SA
2026-03-20T17:55:38.770+08:00  INFO 38340 --- [volunteer-management-system] [           main] com.zaxxer.hikari.HikariDataSource       : HikariPool-1 - Start completed.
2026-03-20T17:55:38.777+08:00  INFO 38340 --- [volunteer-management-system] [           main] o.s.b.a.h2.H2ConsoleAutoConfiguration    : H2 console available at '/h2-console'. Database available at 'jdbc:h2:file:./data/volunteer'
2026-03-20T17:55:38.855+08:00  INFO 38340 --- [volunteer-management-system] [           main] o.s.b.w.embedded.tomcat.TomcatWebServer  : Tomcat started on port 8080 (http) with context path '/'
2026-03-20T17:55:38.863+08:00  INFO 38340 --- [volunteer-management-system] [           main] c.l.volunteer.VolunteerApplication       : Started VolunteerApplication in 3.088 seconds (process running for 3.423)
2026-03-20T17:55:55.199+08:00  INFO 38340 --- [volunteer-management-system] [nio-8080-exec-1] o.a.c.c.C.[Tomcat].[localhost].[/]       : Initializing Spring DispatcherServlet 'dispatcherServlet'
2026-03-20T17:55:55.199+08:00  INFO 38340 --- [volunteer-management-system] [nio-8080-exec-1] o.s.web.servlet.DispatcherServlet        : Initializing Servlet 'dispatcherServlet'
2026-03-20T17:55:55.200+08:00  INFO 38340 --- [volunteer-management-system] [nio-8080-exec-1] o.s.web.servlet.DispatcherServlet        : Completed initialization in 1 ms
org.springframework.web.servlet.resource.NoResourceFoundException: No static resource api/auth/current.
	at org.springframework.web.servlet.resource.ResourceHttpRequestHandler.handleRequest(ResourceHttpRequestHandler.java:585)
	at org.springframework.web.servlet.mvc.HttpRequestHandlerAdapter.handle(HttpRequestHandlerAdapter.java:52)
	at org.springframework.web.servlet.DispatcherServlet.doDispatch(DispatcherServlet.java:1089)
	at org.springframework.web.servlet.DispatcherServlet.doService(DispatcherServlet.java:979)
	at org.springframework.web.servlet.FrameworkServlet.processRequest(FrameworkServlet.java:1014)
	at org.springframework.web.servlet.FrameworkServlet.doGet(FrameworkServlet.java:903)
	at jakarta.servlet.http.HttpServlet.service(HttpServlet.java:564)
	at org.springframework.web.servlet.FrameworkServlet.service(FrameworkServlet.java:885)
	at jakarta.servlet.http.HttpServlet.service(HttpServlet.java:658)
	at org.apache.catalina.core.ApplicationFilterChain.internalDoFilter(ApplicationFilterChain.java:195)
	at org.apache.catalina.core.ApplicationFilterChain.doFilter(ApplicationFilterChain.java:140)
	at org.apache.tomcat.websocket.server.WsFilter.doFilter(WsFilter.java:51)
	at org.apache.catalina.core.ApplicationFilterChain.internalDoFilter(ApplicationFilterChain.java:164)
	at org.apache.catalina.core.ApplicationFilterChain.doFilter(ApplicationFilterChain.java:140)
	at org.springframework.web.filter.RequestContextFilter.doFilterInternal(RequestContextFilter.java:100)
	at org.springframework.web.filter.OncePerRequestFilter.doFilter(OncePerRequestFilter.java:116)
	at org.apache.catalina.core.ApplicationFilterChain.internalDoFilter(ApplicationFilterChain.java:164)
	at org.apache.catalina.core.ApplicationFilterChain.doFilter(ApplicationFilterChain.java:140)
	at org.springframework.web.filter.FormContentFilter.doFilterInternal(FormContentFilter.java:93)
	at org.springframework.web.filter.OncePerRequestFilter.doFilter(OncePerRequestFilter.java:116)
	at org.apache.catalina.core.ApplicationFilterChain.internalDoFilter(ApplicationFilterChain.java:164)
	at org.apache.catalina.core.ApplicationFilterChain.doFilter(ApplicationFilterChain.java:140)
	at org.springframework.web.filter.CharacterEncodingFilter.doFilterInternal(CharacterEncodingFilter.java:201)
	at org.springframework.web.filter.OncePerRequestFilter.doFilter(OncePerRequestFilter.java:116)
	at org.apache.catalina.core.ApplicationFilterChain.internalDoFilter(ApplicationFilterChain.java:164)
	at org.apache.catalina.core.ApplicationFilterChain.doFilter(ApplicationFilterChain.java:140)
	at org.apache.catalina.core.StandardWrapperValve.invoke(StandardWrapperValve.java:167)
	at org.apache.catalina.core.StandardContextValve.invoke(StandardContextValve.java:90)
	at org.apache.catalina.authenticator.AuthenticatorBase.invoke(AuthenticatorBase.java:483)
	at org.apache.catalina.core.StandardHostValve.invoke(StandardHostValve.java:115)
	at org.apache.catalina.valves.ErrorReportValve.invoke(ErrorReportValve.java:93)
	at org.apache.catalina.core.StandardEngineValve.invoke(StandardEngineValve.java:74)
	at org.apache.catalina.connector.CoyoteAdapter.service(CoyoteAdapter.java:344)
	at org.apache.coyote.http11.Http11Processor.service(Http11Processor.java:397)
	at org.apache.coyote.AbstractProcessorLight.process(AbstractProcessorLight.java:63)
	at org.apache.coyote.AbstractProtocol$ConnectionHandler.process(AbstractProtocol.java:905)
	at org.apache.tomcat.util.net.NioEndpoint$SocketProcessor.doRun(NioEndpoint.java:1743)
	at org.apache.tomcat.util.net.SocketProcessorBase.run(SocketProcessorBase.java:52)
	at org.apache.tomcat.util.threads.ThreadPoolExecutor.runWorker(ThreadPoolExecutor.java:1190)
	at org.apache.tomcat.util.threads.ThreadPoolExecutor$Worker.run(ThreadPoolExecutor.java:659)
	at org.apache.tomcat.util.threads.TaskThread$WrappingRunnable.run(TaskThread.java:63)
	at java.base/java.lang.Thread.run(Thread.java:840)
Creating a new SqlSession
SqlSession [org.apache.ibatis.session.defaults.DefaultSqlSession@35bd5245] was not registered for synchronization because synchronization is not active
JDBC Connection [HikariProxyConnection@1571003499 wrapping conn0: url=jdbc:h2:file:./data/volunteer user=SA] will not be managed by Spring
==>  Preparing: SELECT id,username,password_hash,role_code,ref_id,account_status,last_login_time,created_at,updated_at,is_deleted FROM sys_user WHERE is_deleted=0 AND (username = ? AND account_status = ?)
==> Parameters: A1001(String), ENABLED(String)
<==    Columns: id, username, password_hash, role_code, ref_id, account_status, last_login_time, created_at, updated_at, is_deleted
<==        Row: 1, A1001, 8d969eef6ecad3c29a3a629280e686cff8fab0dbe0dbf6f7fbc4b1d0f4bbd1c3, ADMIN, 1, ENABLED, null, 2026-03-20 17:40:21.539984, 2026-03-20 17:40:21.539984, 0
<==      Total: 1
Closing non transactional SqlSession [org.apache.ibatis.session.defaults.DefaultSqlSession@35bd5245]
